[INFO] Iniciando build (variant=debug, task=:app:assembleDebug)
Starting a Gradle Daemon, 1 busy and 1 incompatible Daemons could not be reused, use --status for details
> Task :app:preBuild UP-TO-DATE
> Task :app:preDebugBuild UP-TO-DATE
> Task :app:mergeDebugNativeDebugMetadata NO-SOURCE
> Task :app:checkKotlinGradlePluginConfigurationErrors SKIPPED
> Task :app:checkDebugAarMetadata
> Task :app:checkDebugAarMetadata UP-TO-DATE
> Task :app:processDebugNavigationResources UP-TO-DATE
> Task :app:compileDebugNavigationResources UP-TO-DATE
> Task :app:generateDebugResValues UP-TO-DATE
> Task :app:mapDebugSourceSetPaths UP-TO-DATE
> Task :app:generateDebugResources UP-TO-DATE
> Task :app:mergeDebugResources UP-TO-DATE
> Task :app:packageDebugResources UP-TO-DATE
> Task :app:parseDebugLocalResources UP-TO-DATE
> Task :app:createDebugCompatibleScreenManifests UP-TO-DATE
> Task :app:extractDeepLinksDebug UP-TO-DATE
> Task :app:processDebugMainManifest UP-TO-DATE
> Task :app:processDebugManifest UP-TO-DATE
> Task :app:processDebugManifestForPackage UP-TO-DATE
> Task :app:processDebugResources UP-TO-DATE
> Task :app:javaPreCompileDebug UP-TO-DATE
> Task :app:mergeDebugShaders UP-TO-DATE
> Task :app:compileDebugShaders NO-SOURCE
> Task :app:generateDebugAssets UP-TO-DATE
> Task :app:mergeDebugAssets UP-TO-DATE
> Task :app:compressDebugAssets UP-TO-DATE
> Task :app:checkDebugDuplicateClasses UP-TO-DATE
> Task :app:desugarDebugFileDependencies UP-TO-DATE
> Task :app:mergeExtDexDebug UP-TO-DATE
> Task :app:mergeLibDexDebug UP-TO-DATE
> Task :app:mergeDebugJniLibFolders UP-TO-DATE
> Task :app:mergeDebugNativeLibs UP-TO-DATE
> Task :app:stripDebugDebugSymbols UP-TO-DATE
> Task :app:validateSigningDebug UP-TO-DATE
> Task :app:writeDebugAppMetadata UP-TO-DATE
> Task :app:writeDebugSigningConfigVersions UP-TO-DATE

> Task :app:kaptGenerateStubsDebugKotlin
w: Kapt currently doesn't support language version 2.0+. Falling back to 1.9.

> Task :app:kaptDebugKotlin

> Task :app:compileDebugKotlin FAILED
e: file:///Users/alexpimenta/Projects/ideal/PerueiroApp/app/src/main/java/com/idealinspecao/perueiroapp/ui/NavGraph.kt:11:49 Unresolved reference 'ParentDashboardScreen'.
e: file:///Users/alexpimenta/Projects/ideal/PerueiroApp/app/src/main/java/com/idealinspecao/perueiroapp/ui/NavGraph.kt:27:13 Unresolved reference 'ParentDashboardScreen'.
e: file:///Users/alexpimenta/Projects/ideal/PerueiroApp/app/src/main/java/com/idealinspecao/perueiroapp/ui/screens/dashboard/DriverDashboardScreen.kt:17:49 Unresolved reference 'AttachMoney'.
e: file:///Users/alexpimenta/Projects/ideal/PerueiroApp/app/src/main/java/com/idealinspecao/perueiroapp/ui/screens/dashboard/DriverDashboardScreen.kt:18:49 Unresolved reference 'DirectionsBus'.
e: file:///Users/alexpimenta/Projects/ideal/PerueiroApp/app/src/main/java/com/idealinspecao/perueiroapp/ui/screens/dashboard/DriverDashboardScreen.kt:19:49 Unresolved reference 'Group'.
e: file:///Users/alexpimenta/Projects/ideal/PerueiroApp/app/src/main/java/com/idealinspecao/perueiroapp/ui/screens/dashboard/DriverDashboardScreen.kt:20:49 Unresolved reference 'Groups'.
e: file:///Users/alexpimenta/Projects/ideal/PerueiroApp/app/src/main/java/com/idealinspecao/perueiroapp/ui/screens/dashboard/DriverDashboardScreen.kt:21:49 Unresolved reference 'Logout'.
e: file:///Users/alexpimenta/Projects/ideal/PerueiroApp/app/src/main/java/com/idealinspecao/perueiroapp/ui/screens/dashboard/DriverDashboardScreen.kt:22:49 Unresolved reference 'NotificationsActive'.
e: file:///Users/alexpimenta/Projects/ideal/PerueiroApp/app/src/main/java/com/idealinspecao/perueiroapp/ui/screens/dashboard/DriverDashboardScreen.kt:24:49 Unresolved reference 'School'.
e: file:///Users/alexpimenta/Projects/ideal/PerueiroApp/app/src/main/java/com/idealinspecao/perueiroapp/ui/screens/dashboard/DriverDashboardScreen.kt:78:39 Unresolved reference 'Groups'.
e: file:///Users/alexpimenta/Projects/ideal/PerueiroApp/app/src/main/java/com/idealinspecao/perueiroapp/ui/screens/dashboard/DriverDashboardScreen.kt:84:39 Unresolved reference 'School'.
e: file:///Users/alexpimenta/Projects/ideal/PerueiroApp/app/src/main/java/com/idealinspecao/perueiroapp/ui/screens/dashboard/DriverDashboardScreen.kt:90:39 Unresolved reference 'DirectionsBus'.
e: file:///Users/alexpimenta/Projects/ideal/PerueiroApp/app/src/main/java/com/idealinspecao/perueiroapp/ui/screens/dashboard/DriverDashboardScreen.kt:102:39 Unresolved reference 'Group'.
e: file:///Users/alexpimenta/Projects/ideal/PerueiroApp/app/src/main/java/com/idealinspecao/perueiroapp/ui/screens/dashboard/DriverDashboardScreen.kt:108:39 Unresolved reference 'AttachMoney'.
e: file:///Users/alexpimenta/Projects/ideal/PerueiroApp/app/src/main/java/com/idealinspecao/perueiroapp/ui/screens/dashboard/DriverDashboardScreen.kt:114:39 Unresolved reference 'NotificationsActive'.
e: file:///Users/alexpimenta/Projects/ideal/PerueiroApp/app/src/main/java/com/idealinspecao/perueiroapp/ui/screens/dashboard/DriverDashboardScreen.kt:178:44 Unresolved reference 'width'.
e: file:///Users/alexpimenta/Projects/ideal/PerueiroApp/app/src/main/java/com/idealinspecao/perueiroapp/ui/screens/dashboard/DriverDashboardScreen.kt:188:46 Unresolved reference 'Logout'.
e: file:///Users/alexpimenta/Projects/ideal/PerueiroApp/app/src/main/java/com/idealinspecao/perueiroapp/ui/screens/dashboard/DriverDashboardScreen.kt:223:32 Unresolved reference 'weight'.
e: file:///Users/alexpimenta/Projects/ideal/PerueiroApp/app/src/main/java/com/idealinspecao/perueiroapp/ui/screens/dashboard/ParentDashboardScreen.kt:19:49 Unresolved reference 'CreditCard'.
e: file:///Users/alexpimenta/Projects/ideal/PerueiroApp/app/src/main/java/com/idealinspecao/perueiroapp/ui/screens/dashboard/ParentDashboardScreen.kt:20:49 Unresolved reference 'Logout'.
e: file:///Users/alexpimenta/Projects/ideal/PerueiroApp/app/src/main/java/com/idealinspecao/perueiroapp/ui/screens/dashboard/ParentDashboardScreen.kt:152:47 Unresolved reference 'Logout'.
e: file:///Users/alexpimenta/Projects/ideal/PerueiroApp/app/src/main/java/com/idealinspecao/perueiroapp/ui/screens/dashboard/ParentDashboardScreen.kt:184:32 Unresolved reference 'weight'.
e: file:///Users/alexpimenta/Projects/ideal/PerueiroApp/app/src/main/java/com/idealinspecao/perueiroapp/ui/screens/dashboard/ParentDashboardScreen.kt:208:50 Unresolved reference 'CreditCard'.
e: file:///Users/alexpimenta/Projects/ideal/PerueiroApp/app/src/main/java/com/idealinspecao/perueiroapp/ui/screens/login/LoginScreen.kt:17:49 Unresolved reference 'DirectionsBus'.
e: file:///Users/alexpimenta/Projects/ideal/PerueiroApp/app/src/main/java/com/idealinspecao/perueiroapp/ui/screens/login/LoginScreen.kt:28:35 Unresolved reference 'PasswordVisualTransformation'.
e: file:///Users/alexpimenta/Projects/ideal/PerueiroApp/app/src/main/java/com/idealinspecao/perueiroapp/ui/screens/login/LoginScreen.kt:138:48 Unresolved reference 'PasswordVisualTransformation'.
e: file:///Users/alexpimenta/Projects/ideal/PerueiroApp/app/src/main/java/com/idealinspecao/perueiroapp/ui/screens/login/LoginScreen.kt:200:35 Unresolved reference 'DirectionsBus'.
e: file:///Users/alexpimenta/Projects/ideal/PerueiroApp/app/src/main/java/com/idealinspecao/perueiroapp/ui/screens/login/LoginScreen.kt:237:29 Unresolved reference 'weight'.

FAILURE: Build failed with an exception.

* What went wrong:
Execution failed for task ':app:compileDebugKotlin'.
> A failure occurred while executing org.jetbrains.kotlin.compilerRunner.GradleCompilerRunnerWithWorkers$GradleKotlinCompilerWorkAction
   > Compilation error. See log for more details

* Try:
> Run with --stacktrace option to get the stack trace.
> Run with --info or --debug option to get more log output.
> Run with --scan to get full insights.
> Get more help at https://help.gradle.org.

BUILD FAILED in 1m 44s
32 actionable tasks: 3 executed, 29 up-to-date
