[INFO] Iniciando build (variant=debug, task=:app:assembleDebug)
Starting a Gradle Daemon, 1 busy Daemon could not be reused, use --status for details
> Task :app:preBuild UP-TO-DATE
> Task :app:preDebugBuild UP-TO-DATE
> Task :app:mergeDebugNativeDebugMetadata NO-SOURCE
> Task :app:checkKotlinGradlePluginConfigurationErrors SKIPPED
> Task :app:generateDebugBuildConfig
> Task :app:checkDebugAarMetadata
> Task :app:checkDebugAarMetadata FAILED

FAILURE: Build failed with an exception.

* What went wrong:
Execution failed for task ':app:checkDebugAarMetadata'.
> Could not resolve all files for configuration ':app:debugRuntimeClasspath'.
   > Could not resolve androidx.datastore:datastore-preferences:1.1.1.
     Required by:
         project :app
      > Could not resolve androidx.datastore:datastore-preferences:1.1.1.
         > Failed to add into filestore '/Users/alexpimenta/.gradle/caches/modules-2/metadata-2.107/descriptors' at 'androidx.datastore/datastore-preferences/1.1.1/d4e342018b23d58be902a60e67105aa1/descriptor.bin' 
            > java.io.IOException: No space left on device
   > Could not resolve com.squareup.okhttp3:okhttp:4.12.0.
     Required by:
         project :app
      > Could not resolve com.squareup.okhttp3:okhttp:4.12.0.
         > Failed to add into filestore '/Users/alexpimenta/.gradle/caches/modules-2/metadata-2.107/descriptors' at 'com.squareup.okhttp3/okhttp/4.12.0/26c913274550a0b2221f47a0fe2d2358/descriptor.bin' 
            > java.io.IOException: No space left on device

* Try:
> Run with --stacktrace option to get the stack trace.
> Run with --info or --debug option to get more log output.
> Run with --scan to get full insights.
> Get more help at https://help.gradle.org.

BUILD FAILED in 1m 43s
2 actionable tasks: 2 executed
