[INFO] Iniciando build (variant=debug, task=:app:assembleDebug)
> Task :app:preBuild UP-TO-DATE
> Task :app:preDebugBuild UP-TO-DATE
> Task :app:mergeDebugNativeDebugMetadata NO-SOURCE
> Task :app:checkKotlinGradlePluginConfigurationErrors SKIPPED
> Task :app:checkDebugAarMetadata
> Task :app:processDebugNavigationResources
> Task :app:generateDebugResValues
> Task :app:compileDebugNavigationResources
> Task :app:mapDebugSourceSetPaths
> Task :app:generateDebugResources
> Task :app:packageDebugResources
> Task :app:mergeDebugResources
> Task :app:createDebugCompatibleScreenManifests
> Task :app:extractDeepLinksDebug
> Task :app:parseDebugLocalResources
> Task :app:processDebugMainManifest
> Task :app:processDebugManifest
> Task :app:mergeDebugShaders
> Task :app:compileDebugShaders NO-SOURCE
> Task :app:generateDebugAssets UP-TO-DATE
> Task :app:javaPreCompileDebug
> Task :app:mergeDebugAssets
> Task :app:compressDebugAssets
> Task :app:desugarDebugFileDependencies
> Task :app:mergeDebugJniLibFolders
> Task :app:checkDebugDuplicateClasses
> Task :app:mergeDebugNativeLibs
> Task :app:processDebugManifestForPackage
> Task :app:mergeExtDexDebug
> Task :app:mergeLibDexDebug

> Task :app:stripDebugDebugSymbols
Unable to strip the following libraries, packaging them as they are: libandroidx.graphics.path.so, libdatastore_shared_counter.so. Run with --info option to learn more.

> Task :app:validateSigningDebug
> Task :app:writeDebugAppMetadata
> Task :app:writeDebugSigningConfigVersions
> Task :app:processDebugResources

> Task :app:kaptGenerateStubsDebugKotlin
w: Kapt currently doesn't support language version 2.0+. Falling back to 1.9.

> Task :app:kaptDebugKotlin

> Task :app:compileDebugKotlin FAILED
e: file:///Users/alexpimenta/Projects/ideal/PerueiroApp/app/src/main/java/com/idealinspecao/perueiroapp/ui/screens/dashboard/DriverDashboardScreen.kt:15:43 Cannot access 'val RowColumnParentData?.weight: Float': it is internal in file.
e: file:///Users/alexpimenta/Projects/ideal/PerueiroApp/app/src/main/java/com/idealinspecao/perueiroapp/ui/screens/dashboard/DriverDashboardScreen.kt:225:32 Expression 'weight' of type 'kotlin.Float' cannot be invoked as a function. Function 'invoke()' is not found.
e: file:///Users/alexpimenta/Projects/ideal/PerueiroApp/app/src/main/java/com/idealinspecao/perueiroapp/ui/screens/dashboard/ParentDashboardScreen.kt:14:43 Cannot access 'val RowColumnParentData?.weight: Float': it is internal in file.
e: file:///Users/alexpimenta/Projects/ideal/PerueiroApp/app/src/main/java/com/idealinspecao/perueiroapp/ui/screens/dashboard/ParentDashboardScreen.kt:185:32 Expression 'weight' of type 'kotlin.Float' cannot be invoked as a function. Function 'invoke()' is not found.
e: file:///Users/alexpimenta/Projects/ideal/PerueiroApp/app/src/main/java/com/idealinspecao/perueiroapp/ui/screens/login/LoginScreen.kt:14:43 Cannot access 'val RowColumnParentData?.weight: Float': it is internal in file.
e: file:///Users/alexpimenta/Projects/ideal/PerueiroApp/app/src/main/java/com/idealinspecao/perueiroapp/ui/screens/login/LoginScreen.kt:238:29 Expression 'weight' of type 'kotlin.Float' cannot be invoked as a function. Function 'invoke()' is not found.

FAILURE: Build failed with an exception.

* What went wrong:
Execution failed for task ':app:compileDebugKotlin'.
> A failure occurred while executing org.jetbrains.kotlin.compilerRunner.GradleCompilerRunnerWithWorkers$GradleKotlinCompilerWorkAction
   > Compilation error. See log for more details

* Try:
> Run with --stacktrace option to get the stack trace.
> Run with --info or --debug option to get more log output.
> Run with --scan to get full insights.
> Get more help at https://help.gradle.org.

BUILD FAILED in 3m 12s
32 actionable tasks: 32 executed
